2019-09-09 06:56:36 +0000  Initial pipeline context: <IDEDistributionProcessingPipelineContext: 0x7f9210676d10; archive(resolved)='<IDEArchive: 0x7f9200b77eb0>', distributionTask(resolved)='2', distributionDestination(resolved)='1', distributionMethod(resolved)='<IDEDistributionMethodAdHoc: 0x7f9223a13720>', team(resolved)='<IDEProvisioningDisambiguatableBasicTeam: 0x7f922a77a190; teamID='HF225C89SZ', teamName='Chengdu ToGreat Technology Co., Ltd.', teamType='Company', username='togreat2018@gmail.com', isFreeProvisioningTeam='0'>'>
	Chain (12, self inclusive):
	<IDEDistributionProcessingPipelineContext: 0x7f9210676d10; archive = '<IDEArchive: 0x7f9200b77eb0>', distributionMethod='<IDEDistributionMethodAdHoc: 0x7f9223a13720>', team='<IDEProvisioningDisambiguatableBasicTeam: 0x7f922a77a190; teamID='HF225C89SZ', teamName='Chengdu ToGreat Technology Co., Ltd.', teamType='Company', username='togreat2018@gmail.com', isFreeProvisioningTeam='0'>'>
	<IDEDistributionProcessingPipelineContext: 0x7f9201743890; archive = '<IDEArchive: 0x7f9200b77eb0>', distributionMethod='<IDEDistributionMethodAdHoc: 0x7f9223a13720>', team='<IDEProvisioningDisambiguatableBasicTeam: 0x7f922a77a190; teamID='HF225C89SZ', teamName='Chengdu ToGreat Technology Co., Ltd.', teamType='Company', username='togreat2018@gmail.com', isFreeProvisioningTeam='0'>'>
	<IDEDistributionContext: 0x7f920d4b9320; archive = '<IDEArchive: 0x7f9200b77eb0>', distributionMethod='<IDEDistributionMethodAdHoc: 0x7f9223a13720>', team='<IDEProvisioningDisambiguatableBasicTeam: 0x7f922a77a190; teamID='HF225C89SZ', teamName='Chengdu ToGreat Technology Co., Ltd.', teamType='Company', username='togreat2018@gmail.com', isFreeProvisioningTeam='0'>'>
	<IDEDistributionContext: 0x7f9201d734e0; archive = '<IDEArchive: 0x7f9200b77eb0>', distributionMethod='<IDEDistributionMethodAdHoc: 0x7f9223a13720>', team='<IDEProvisioningDisambiguatableBasicTeam: 0x7f922a77a190; teamID='HF225C89SZ', teamName='Chengdu ToGreat Technology Co., Ltd.', teamType='Company', username='togreat2018@gmail.com', isFreeProvisioningTeam='0'>'>
	<IDEDistributionContext: 0x7f92027156c0; archive = '<IDEArchive: 0x7f9200b77eb0>', distributionMethod='<IDEDistributionMethodAdHoc: 0x7f9223a13720>', team='<IDEProvisioningDisambiguatableBasicTeam: 0x7f922a77a190; teamID='HF225C89SZ', teamName='Chengdu ToGreat Technology Co., Ltd.', teamType='Company', username='togreat2018@gmail.com', isFreeProvisioningTeam='0'>'>
	<IDEDistributionContext: 0x7f92026e8730; archive = '<IDEArchive: 0x7f9200b77eb0>', distributionMethod='<IDEDistributionMethodAdHoc: 0x7f9223a13720>', team='<IDEProvisioningDisambiguatableBasicTeam: 0x7f922a77a190; teamID='HF225C89SZ', teamName='Chengdu ToGreat Technology Co., Ltd.', teamType='Company', username='togreat2018@gmail.com', isFreeProvisioningTeam='0'>'>
	<IDEDistributionContext: 0x7f91ff0ca370; archive = '<IDEArchive: 0x7f9200b77eb0>', distributionMethod='<IDEDistributionMethodAdHoc: 0x7f9223a13720>', team='<IDEProvisioningDisambiguatableBasicTeam: 0x7f922a77a190; teamID='HF225C89SZ', teamName='Chengdu ToGreat Technology Co., Ltd.', teamType='Company', username='togreat2018@gmail.com', isFreeProvisioningTeam='0'>'>
	<IDEDistributionContext: 0x7f9201adbcc0; archive = '<IDEArchive: 0x7f9200b77eb0>', distributionMethod='<IDEDistributionMethodAdHoc: 0x7f9223a13720>', team='<IDEProvisioningDisambiguatableBasicTeam: 0x7f922a77a190; teamID='HF225C89SZ', teamName='Chengdu ToGreat Technology Co., Ltd.', teamType='Company', username='togreat2018@gmail.com', isFreeProvisioningTeam='0'>'>
	<IDEDistributionContext: 0x7f92027174e0; archive = '<IDEArchive: 0x7f9200b77eb0>', distributionMethod='<IDEDistributionMethodAdHoc: 0x7f9223a13720>', team='<IDEProvisioningDisambiguatableBasicTeam: 0x7f922a77a190; teamID='HF225C89SZ', teamName='Chengdu ToGreat Technology Co., Ltd.', teamType='Company', username='togreat2018@gmail.com', isFreeProvisioningTeam='0'>'>
	<IDEDistributionContext: 0x7f9202749ab0; archive = '<IDEArchive: 0x7f9200b77eb0>', distributionMethod='<IDEDistributionMethodAdHoc: 0x7f9223a13720>', team='(null)'>
	<IDEDistributionContext: 0x7f920304b180; archive = '<IDEArchive: 0x7f9200b77eb0>', distributionMethod='<IDEDistributionMethodAdHoc: 0x7f9223a13720>', team='(null)'>
	<IDEDistributionContext: 0x7f9201e17aa0; archive = '<IDEArchive: 0x7f9200b77eb0>', distributionMethod='(null)', team='(null)'>
</IDEDistributionProcessingPipelineContext: 0x7f9210676d10>
2019-09-09 06:56:36 +0000  Processing step: IDEDistributionCreateDestRootStep
2019-09-09 06:56:36 +0000  Processing step: IDEDistributionCopyItemStep
2019-09-09 06:56:36 +0000  Running /usr/bin/ditto '-V' '/Users/joy/Library/Developer/Xcode/Archives/2019-09-09/VWallet 2019-9-9, 2.56 PM.xcarchive/Products/Applications/VWallet.app' '/var/folders/qb/zp1sbf311k3892tf0rfgw9j80000gn/T/XcodeDistPipeline.~~~fKPHfe/Root/Payload/VWallet.app'
2019-09-09 06:56:36 +0000  >>> Copying /Users/joy/Library/Developer/Xcode/Archives/2019-09-09/VWallet 2019-9-9, 2.56 PM.xcarchive/Products/Applications/VWallet.app 
2019-09-09 06:56:36 +0000  copying file ./_CodeSignature/CodeResources ... 
2019-09-09 06:56:36 +0000  51011 bytes for ./_CodeSignature/CodeResources
2019-09-09 06:56:36 +0000  copying file ./About.storyboardc/UITableViewController-FOI-bs-R4w.nib/objects-11.0+.nib ... 
1007 bytes for ./About.storyboardc/UITableViewController-FOI-bs-R4w.nib/objects-11.0+.nib
copying file ./About.storyboardc/UITableViewController-FOI-bs-R4w.nib/runtime.nib ... 
1007 bytes for ./About.storyboardc/UITableViewController-FOI-bs-R4w.nib/runtime.nib
2019-09-09 06:56:36 +0000  copying file ./About.storyboardc/FOI-bs-R4w-view-EOg-o5-ri0.nib/objects-11.0+.nib ... 
2019-09-09 06:56:36 +0000  2915 bytes for ./About.storyboardc/FOI-bs-R4w-view-EOg-o5-ri0.nib/objects-11.0+.nib
copying file ./About.storyboardc/FOI-bs-R4w-view-EOg-o5-ri0.nib/runtime.nib ... 
3059 bytes for ./About.storyboardc/FOI-bs-R4w-view-EOg-o5-ri0.nib/runtime.nib
copying file ./About.storyboardc/Info.plist ... 
2019-09-09 06:56:36 +0000  273 bytes for ./About.storyboardc/Info.plist
2019-09-09 06:56:36 +0000  copying file ./zh-Hans.lproj/LaunchScreen.strings ... 
2019-09-09 06:56:36 +0000  42 bytes for ./zh-Hans.lproj/LaunchScreen.strings
copying file ./zh-Hans.lproj/Localizable.strings ... 
2019-09-09 06:56:36 +0000  16230 bytes for ./zh-Hans.lproj/Localizable.strings
copying file ./zh-Hans.lproj/InfoPlist.strings ... 
2019-09-09 06:56:36 +0000  298 bytes for ./zh-Hans.lproj/InfoPlist.strings
copying file ./AppIcon20x20@2x.png ... 
2019-09-09 06:56:36 +0000  423 bytes for ./AppIcon20x20@2x.png
2019-09-09 06:56:36 +0000  copying file ./en.lproj/Localizable.strings ... 
2019-09-09 06:56:36 +0000  18662 bytes for ./en.lproj/Localizable.strings
copying file ./en.lproj/InfoPlist.strings ... 
2019-09-09 06:56:36 +0000  353 bytes for ./en.lproj/InfoPlist.strings
2019-09-09 06:56:36 +0000  copying file ./VAlertViewController.nib/objects-11.0+.nib ... 
2019-09-09 06:56:36 +0000  7146 bytes for ./VAlertViewController.nib/objects-11.0+.nib
2019-09-09 06:56:36 +0000  copying file ./VAlertViewController.nib/runtime.nib ... 
2019-09-09 06:56:36 +0000  6476 bytes for ./VAlertViewController.nib/runtime.nib
2019-09-09 06:56:36 +0000  copying file ./Settings.storyboardc/Ta3-sy-pGJ-view-OtT-wd-nSi.nib/objects-11.0+.nib ... 
2019-09-09 06:56:36 +0000  1449 bytes for ./Settings.storyboardc/Ta3-sy-pGJ-view-OtT-wd-nSi.nib/objects-11.0+.nib
copying file ./Settings.storyboardc/Ta3-sy-pGJ-view-OtT-wd-nSi.nib/runtime.nib ... 
2019-09-09 06:56:36 +0000  1586 bytes for ./Settings.storyboardc/Ta3-sy-pGJ-view-OtT-wd-nSi.nib/runtime.nib
2019-09-09 06:56:36 +0000  copying file ./Settings.storyboardc/UINavigationController-QgO-ly-Lp6.nib/objects-11.0+.nib ... 
2019-09-09 06:56:36 +0000  2013 bytes for ./Settings.storyboardc/UINavigationController-QgO-ly-Lp6.nib/objects-11.0+.nib
2019-09-09 06:56:36 +0000  copying file ./Settings.storyboardc/UINavigationController-QgO-ly-Lp6.nib/runtime.nib ... 
2019-09-09 06:56:36 +0000  2013 bytes for ./Settings.storyboardc/UINavigationController-QgO-ly-Lp6.nib/runtime.nib
copying file ./Settings.storyboardc/Info.plist ... 
2019-09-09 06:56:36 +0000  276 bytes for ./Settings.storyboardc/Info.plist
2019-09-09 06:56:36 +0000  copying file ./AppIcon20x20@3x.png ... 
2019-09-09 06:56:36 +0000  523 bytes for ./AppIcon20x20@3x.png
copying file ./LICENSE ... 
2019-09-09 06:56:36 +0000  1285 bytes for ./LICENSE
copying file ./AppIcon29x29.png ... 
2019-09-09 06:56:36 +0000  319 bytes for ./AppIcon29x29.png
2019-09-09 06:56:36 +0000  copying file ./TransactionDetailViewController.nib/objects-11.0+.nib ... 
2019-09-09 06:56:36 +0000  4183 bytes for ./TransactionDetailViewController.nib/objects-11.0+.nib
2019-09-09 06:56:36 +0000  copying file ./TransactionDetailViewController.nib/runtime.nib ... 
2019-09-09 06:56:36 +0000  3581 bytes for ./TransactionDetailViewController.nib/runtime.nib
2019-09-09 06:56:36 +0000  copying file ./Network.storyboardc/ChooseNetworkViewController.nib/objects-11.0+.nib ... 
2019-09-09 06:56:36 +0000  1006 bytes for ./Network.storyboardc/ChooseNetworkViewController.nib/objects-11.0+.nib
copying file ./Network.storyboardc/ChooseNetworkViewController.nib/runtime.nib ... 
2019-09-09 06:56:36 +0000  1006 bytes for ./Network.storyboardc/ChooseNetworkViewController.nib/runtime.nib
2019-09-09 06:56:36 +0000  copying file ./Network.storyboardc/ibF-k1-uhB-view-KdO-3D-jlH.nib/objects-11.0+.nib ... 
2019-09-09 06:56:36 +0000  7142 bytes for ./Network.storyboardc/ibF-k1-uhB-view-KdO-3D-jlH.nib/objects-11.0+.nib
copying file ./Network.storyboardc/ibF-k1-uhB-view-KdO-3D-jlH.nib/runtime.nib ... 
2019-09-09 06:56:36 +0000  7253 bytes for ./Network.storyboardc/ibF-k1-uhB-view-KdO-3D-jlH.nib/runtime.nib
2019-09-09 06:56:36 +0000  copying file ./Network.storyboardc/Info.plist ... 
2019-09-09 06:56:36 +0000  227 bytes for ./Network.storyboardc/Info.plist
copying file ./AppIcon60x60@2x.png ... 
2019-09-09 06:56:36 +0000  865 bytes for ./AppIcon60x60@2x.png
2019-09-09 06:56:36 +0000  copying file ./PasswordSettingsViewController.nib/objects-11.0+.nib ... 
2019-09-09 06:56:36 +0000  12463 bytes for ./PasswordSettingsViewController.nib/objects-11.0+.nib
copying file ./PasswordSettingsViewController.nib/runtime.nib ... 
2019-09-09 06:56:36 +0000  11806 bytes for ./PasswordSettingsViewController.nib/runtime.nib
copying file ./libscrypt.version ... 
2019-09-09 06:56:36 +0000  125 bytes for ./libscrypt.version
2019-09-09 06:56:36 +0000  copying file ./DatePicker.nib/objects-11.0+.nib ... 
5566 bytes for ./DatePicker.nib/objects-11.0+.nib
copying file ./DatePicker.nib/runtime.nib ... 
4898 bytes for ./DatePicker.nib/runtime.nib
2019-09-09 06:56:36 +0000  copying file ./DateRangePickerViewController.nib/objects-11.0+.nib ... 
2019-09-09 06:56:36 +0000  4240 bytes for ./DateRangePickerViewController.nib/objects-11.0+.nib
copying file ./DateRangePickerViewController.nib/runtime.nib ... 
2019-09-09 06:56:36 +0000  3635 bytes for ./DateRangePickerViewController.nib/runtime.nib
copying file ./AppIcon29x29@2x.png ... 
2019-09-09 06:56:36 +0000  522 bytes for ./AppIcon29x29@2x.png
copying file ./AddAccountTableViewCell.nib ... 
2019-09-09 06:56:36 +0000  4748 bytes for ./AddAccountTableViewCell.nib
2019-09-09 06:56:36 +0000  copying file ./AddTokenViewController.nib/objects-11.0+.nib ... 
7932 bytes for ./AddTokenViewController.nib/objects-11.0+.nib
copying file ./AddTokenViewController.nib/runtime.nib ... 
2019-09-09 06:56:36 +0000  7272 bytes for ./AddTokenViewController.nib/runtime.nib
2019-09-09 06:56:36 +0000  copying file ./AppIcon40x40@3x.png ... 
865 bytes for ./AppIcon40x40@3x.png
2019-09-09 06:56:36 +0000  copying file ./Password.storyboardc/PasswordInputViewController.nib/objects-11.0+.nib ... 
2019-09-09 06:56:36 +0000  1006 bytes for ./Password.storyboardc/PasswordInputViewController.nib/objects-11.0+.nib
copying file ./Password.storyboardc/PasswordInputViewController.nib/runtime.nib ... 
2019-09-09 06:56:36 +0000  1006 bytes for ./Password.storyboardc/PasswordInputViewController.nib/runtime.nib
2019-09-09 06:56:36 +0000  copying file ./Password.storyboardc/3jT-kv-SfY-view-9rJ-JX-fxz.nib/objects-11.0+.nib ... 
2019-09-09 06:56:36 +0000  7387 bytes for ./Password.storyboardc/3jT-kv-SfY-view-9rJ-JX-fxz.nib/objects-11.0+.nib
2019-09-09 06:56:36 +0000  copying file ./Password.storyboardc/3jT-kv-SfY-view-9rJ-JX-fxz.nib/runtime.nib ... 
2019-09-09 06:56:36 +0000  7507 bytes for ./Password.storyboardc/3jT-kv-SfY-view-9rJ-JX-fxz.nib/runtime.nib
2019-09-09 06:56:36 +0000  copying file ./Password.storyboardc/Info.plist ... 
2019-09-09 06:56:36 +0000  227 bytes for ./Password.storyboardc/Info.plist
2019-09-09 06:56:36 +0000  copying file ./TokenOperateViewController.nib/objects-11.0+.nib ... 
2019-09-09 06:56:36 +0000  21155 bytes for ./TokenOperateViewController.nib/objects-11.0+.nib
copying file ./TokenOperateViewController.nib/runtime.nib ... 
2019-09-09 06:56:36 +0000  20484 bytes for ./TokenOperateViewController.nib/runtime.nib
2019-09-09 06:56:36 +0000  copying file ./DateRangeTableViewCell.nib ... 
2019-09-09 06:56:36 +0000  4642 bytes for ./DateRangeTableViewCell.nib
2019-09-09 06:56:36 +0000  copying file ./ReceiveQRSaveView.nib/objects-11.0+.nib ... 
2019-09-09 06:56:36 +0000  6202 bytes for ./ReceiveQRSaveView.nib/objects-11.0+.nib
copying file ./ReceiveQRSaveView.nib/runtime.nib ... 
2019-09-09 06:56:36 +0000  5540 bytes for ./ReceiveQRSaveView.nib/runtime.nib
2019-09-09 06:56:36 +0000  copying file ./AppIcon40x40@2x.png ... 
2019-09-09 06:56:36 +0000  703 bytes for ./AppIcon40x40@2x.png
copying file ./NormalTableViewCell.nib ... 
2019-09-09 06:56:36 +0000  4781 bytes for ./NormalTableViewCell.nib
copying file ./AccountTableViewCell.nib ... 
2019-09-09 06:56:36 +0000  5997 bytes for ./AccountTableViewCell.nib
copying file ./AppIcon29x29@3x.png ... 
2019-09-09 06:56:36 +0000  714 bytes for ./AppIcon29x29@3x.png
2019-09-09 06:56:36 +0000  copying file ./TokenInfoViewController.nib/objects-11.0+.nib ... 
2019-09-09 06:56:36 +0000  2637 bytes for ./TokenInfoViewController.nib/objects-11.0+.nib
copying file ./TokenInfoViewController.nib/runtime.nib ... 
2019-09-09 06:56:36 +0000  2117 bytes for ./TokenInfoViewController.nib/runtime.nib
2019-09-09 06:56:36 +0000  copying file ./ko.lproj/Localizable.strings ... 
2019-09-09 06:56:36 +0000  18300 bytes for ./ko.lproj/Localizable.strings
copying file ./ko.lproj/InfoPlist.strings ... 
2019-09-09 06:56:36 +0000  331 bytes for ./ko.lproj/InfoPlist.strings
2019-09-09 06:56:36 +0000  copying file ./AlertViewController.nib/objects-11.0+.nib ... 
2019-09-09 06:56:36 +0000  6245 bytes for ./AlertViewController.nib/objects-11.0+.nib
2019-09-09 06:56:36 +0000  copying file ./AlertViewController.nib/runtime.nib ... 
2019-09-09 06:56:36 +0000  5583 bytes for ./AlertViewController.nib/runtime.nib
2019-09-09 06:56:36 +0000  copying file ./AppIcon60x60@3x.png ... 
2019-09-09 06:56:36 +0000  1146 bytes for ./AppIcon60x60@3x.png
2019-09-09 06:56:36 +0000  copying file ./Base.lproj/Main.storyboardc/UITabBarController-yw2-tK-Kan.nib ... 
2019-09-09 06:56:36 +0000  1953 bytes for ./Base.lproj/Main.storyboardc/UITabBarController-yw2-tK-Kan.nib
2019-09-09 06:56:36 +0000  copying file ./Base.lproj/Main.storyboardc/Info.plist ... 
2019-09-09 06:56:36 +0000  469 bytes for ./Base.lproj/Main.storyboardc/Info.plist
2019-09-09 06:56:36 +0000  copying file ./Base.lproj/LaunchScreen.storyboardc/UIViewController-h8S-88-BCH.nib/objects-11.0+.nib ... 
2019-09-09 06:56:36 +0000  832 bytes for ./Base.lproj/LaunchScreen.storyboardc/UIViewController-h8S-88-BCH.nib/objects-11.0+.nib
2019-09-09 06:56:36 +0000  copying file ./Base.lproj/LaunchScreen.storyboardc/UIViewController-h8S-88-BCH.nib/runtime.nib ... 
2019-09-09 06:56:36 +0000  832 bytes for ./Base.lproj/LaunchScreen.storyboardc/UIViewController-h8S-88-BCH.nib/runtime.nib
2019-09-09 06:56:36 +0000  copying file ./Base.lproj/LaunchScreen.storyboardc/h8S-88-BCH-view-ZWg-i8-bRz.nib/objects-11.0+.nib ... 
2019-09-09 06:56:36 +0000  3836 bytes for ./Base.lproj/LaunchScreen.storyboardc/h8S-88-BCH-view-ZWg-i8-bRz.nib/objects-11.0+.nib
2019-09-09 06:56:36 +0000  copying file ./Base.lproj/LaunchScreen.storyboardc/h8S-88-BCH-view-ZWg-i8-bRz.nib/runtime.nib ... 
2019-09-09 06:56:36 +0000  3961 bytes for ./Base.lproj/LaunchScreen.storyboardc/h8S-88-BCH-view-ZWg-i8-bRz.nib/runtime.nib
copying file ./Base.lproj/LaunchScreen.storyboardc/Info.plist ... 
2019-09-09 06:56:36 +0000  258 bytes for ./Base.lproj/LaunchScreen.storyboardc/Info.plist
copying file ./Base.lproj/Generate.storyboardc/COq-kh-3BG-view-Oo4-Ip-rzi.nib/objects-11.0+.nib ... 
6886 bytes for ./Base.lproj/Generate.storyboardc/COq-kh-3BG-view-Oo4-Ip-rzi.nib/objects-11.0+.nib
copying file ./Base.lproj/Generate.storyboardc/COq-kh-3BG-view-Oo4-Ip-rzi.nib/runtime.nib ... 
7006 bytes for ./Base.lproj/Generate.storyboardc/COq-kh-3BG-view-Oo4-Ip-rzi.nib/runtime.nib
copying file ./Base.lproj/Generate.storyboardc/UINavigationController-duR-5G-6Rc.nib/objects-11.0+.nib ... 
2019-09-09 06:56:36 +0000  1810 bytes for ./Base.lproj/Generate.storyboardc/UINavigationController-duR-5G-6Rc.nib/objects-11.0+.nib
copying file ./Base.lproj/Generate.storyboardc/UINavigationController-duR-5G-6Rc.nib/runtime.nib ... 
1810 bytes for ./Base.lproj/Generate.storyboardc/UINavigationController-duR-5G-6Rc.nib/runtime.nib
copying file ./Base.lproj/Generate.storyboardc/Info.plist ... 
2019-09-09 06:56:36 +0000  276 bytes for ./Base.lproj/Generate.storyboardc/Info.plist
copying file ./Base.lproj/TransactionQrcodeViewController.nib/objects-11.0+.nib ... 
2019-09-09 06:56:36 +0000  7944 bytes for ./Base.lproj/TransactionQrcodeViewController.nib/objects-11.0+.nib
copying file ./Base.lproj/TransactionQrcodeViewController.nib/runtime.nib ... 
2019-09-09 06:56:36 +0000  7285 bytes for ./Base.lproj/TransactionQrcodeViewController.nib/runtime.nib
2019-09-09 06:56:36 +0000  copying file ./TransactionTableViewCell.nib ... 
2019-09-09 06:56:36 +0000  5371 bytes for ./TransactionTableViewCell.nib
copying file ./README.md ... 
2019-09-09 06:56:36 +0000  4797 bytes for ./README.md
2019-09-09 06:56:36 +0000  copying file ./TokenViewController.nib/objects-11.0+.nib ... 
2019-09-09 06:56:36 +0000  7638 bytes for ./TokenViewController.nib/objects-11.0+.nib
2019-09-09 06:56:36 +0000  copying file ./TokenViewController.nib/runtime.nib ... 
2019-09-09 06:56:36 +0000  7104 bytes for ./TokenViewController.nib/runtime.nib
2019-09-09 06:56:36 +0000  copying file ./MnemonicWordBackupViewController.nib/objects-11.0+.nib ... 
2019-09-09 06:56:36 +0000  7240 bytes for ./MnemonicWordBackupViewController.nib/objects-11.0+.nib
2019-09-09 06:56:36 +0000  copying file ./MnemonicWordBackupViewController.nib/runtime.nib ... 
2019-09-09 06:56:36 +0000  6580 bytes for ./MnemonicWordBackupViewController.nib/runtime.nib
2019-09-09 06:56:36 +0000  copying file ./Phrase.storyboardc/MnemonicWordImportViewController.nib/objects-11.0+.nib ... 
2019-09-09 06:56:36 +0000  1011 bytes for ./Phrase.storyboardc/MnemonicWordImportViewController.nib/objects-11.0+.nib
2019-09-09 06:56:36 +0000  copying file ./Phrase.storyboardc/MnemonicWordImportViewController.nib/runtime.nib ... 
2019-09-09 06:56:36 +0000  1011 bytes for ./Phrase.storyboardc/MnemonicWordImportViewController.nib/runtime.nib
2019-09-09 06:56:36 +0000  copying file ./Phrase.storyboardc/EnI-5W-LUP-view-zkb-jd-wc5.nib/objects-11.0+.nib ... 
2019-09-09 06:56:36 +0000  7327 bytes for ./Phrase.storyboardc/EnI-5W-LUP-view-zkb-jd-wc5.nib/objects-11.0+.nib
2019-09-09 06:56:36 +0000  copying file ./Phrase.storyboardc/EnI-5W-LUP-view-zkb-jd-wc5.nib/runtime.nib ... 
2019-09-09 06:56:36 +0000  7443 bytes for ./Phrase.storyboardc/EnI-5W-LUP-view-zkb-jd-wc5.nib/runtime.nib
copying file ./Phrase.storyboardc/Info.plist ... 
2019-09-09 06:56:36 +0000  189 bytes for ./Phrase.storyboardc/Info.plist
copying file ./Assets.car ... 
2019-09-09 06:56:36 +0000  1436280 bytes for ./Assets.car
2019-09-09 06:56:36 +0000  copying file ./ReceiveViewController.nib/objects-11.0+.nib ... 
2019-09-09 06:56:36 +0000  10566 bytes for ./ReceiveViewController.nib/objects-11.0+.nib
copying file ./ReceiveViewController.nib/runtime.nib ... 
2019-09-09 06:56:36 +0000  9891 bytes for ./ReceiveViewController.nib/runtime.nib
2019-09-09 06:56:36 +0000  copying file ./ToastPasswordViewController.nib/objects-11.0+.nib ... 
2019-09-09 06:56:36 +0000  4832 bytes for ./ToastPasswordViewController.nib/objects-11.0+.nib
copying file ./ToastPasswordViewController.nib/runtime.nib ... 
2019-09-09 06:56:36 +0000  4179 bytes for ./ToastPasswordViewController.nib/runtime.nib
copying file ./ResultViewController.nib/objects-11.0+.nib ... 
2019-09-09 06:56:36 +0000  6806 bytes for ./ResultViewController.nib/objects-11.0+.nib
2019-09-09 06:56:36 +0000  copying file ./ResultViewController.nib/runtime.nib ... 
2019-09-09 06:56:36 +0000  6144 bytes for ./ResultViewController.nib/runtime.nib
2019-09-09 06:56:36 +0000  copying file ./Wallet.storyboardc/3XR-Bq-m70-view-UW4-pg-lKI.nib/objects-11.0+.nib ... 
2019-09-09 06:56:36 +0000  15324 bytes for ./Wallet.storyboardc/3XR-Bq-m70-view-UW4-pg-lKI.nib/objects-11.0+.nib
copying file ./Wallet.storyboardc/3XR-Bq-m70-view-UW4-pg-lKI.nib/runtime.nib ... 
2019-09-09 06:56:36 +0000  15503 bytes for ./Wallet.storyboardc/3XR-Bq-m70-view-UW4-pg-lKI.nib/runtime.nib
2019-09-09 06:56:36 +0000  copying file ./Wallet.storyboardc/AccountDetailViewController.nib/objects-11.0+.nib ... 
2019-09-09 06:56:36 +0000  1006 bytes for ./Wallet.storyboardc/AccountDetailViewController.nib/objects-11.0+.nib
copying file ./Wallet.storyboardc/AccountDetailViewController.nib/runtime.nib ... 
2019-09-09 06:56:36 +0000  1006 bytes for ./Wallet.storyboardc/AccountDetailViewController.nib/runtime.nib
2019-09-09 06:56:36 +0000  copying file ./Wallet.storyboardc/JVH-I2-gCt-view-LI1-gb-a1j.nib/objects-11.0+.nib ... 
2019-09-09 06:56:36 +0000  7986 bytes for ./Wallet.storyboardc/JVH-I2-gCt-view-LI1-gb-a1j.nib/objects-11.0+.nib
copying file ./Wallet.storyboardc/JVH-I2-gCt-view-LI1-gb-a1j.nib/runtime.nib ... 
2019-09-09 06:56:36 +0000  8100 bytes for ./Wallet.storyboardc/JVH-I2-gCt-view-LI1-gb-a1j.nib/runtime.nib
2019-09-09 06:56:36 +0000  copying file ./Wallet.storyboardc/UINavigationController-Vks-bC-DbF.nib/objects-11.0+.nib ... 
2019-09-09 06:56:36 +0000  1915 bytes for ./Wallet.storyboardc/UINavigationController-Vks-bC-DbF.nib/objects-11.0+.nib
2019-09-09 06:56:36 +0000  copying file ./Wallet.storyboardc/UINavigationController-Vks-bC-DbF.nib/runtime.nib ... 
2019-09-09 06:56:36 +0000  1915 bytes for ./Wallet.storyboardc/UINavigationController-Vks-bC-DbF.nib/runtime.nib
2019-09-09 06:56:36 +0000  copying file ./Wallet.storyboardc/TransactionRecordsPageViewController.nib/objects-11.0+.nib ... 
2019-09-09 06:56:36 +0000  1015 bytes for ./Wallet.storyboardc/TransactionRecordsPageViewController.nib/objects-11.0+.nib
2019-09-09 06:56:36 +0000  copying file ./Wallet.storyboardc/TransactionRecordsPageViewController.nib/runtime.nib ... 
2019-09-09 06:56:36 +0000  1015 bytes for ./Wallet.storyboardc/TransactionRecordsPageViewController.nib/runtime.nib
copying file ./Wallet.storyboardc/Info.plist ... 
2019-09-09 06:56:36 +0000  435 bytes for ./Wallet.storyboardc/Info.plist
2019-09-09 06:56:36 +0000  copying file ./WalletHeadSegmentedView.nib/objects-11.0+.nib ... 
2019-09-09 06:56:36 +0000  4335 bytes for ./WalletHeadSegmentedView.nib/objects-11.0+.nib
copying file ./WalletHeadSegmentedView.nib/runtime.nib ... 
2019-09-09 06:56:36 +0000  3673 bytes for ./WalletHeadSegmentedView.nib/runtime.nib
copying file ./SuccessViewController.nib/objects-11.0+.nib ... 
6254 bytes for ./SuccessViewController.nib/objects-11.0+.nib
copying file ./SuccessViewController.nib/runtime.nib ... 
2019-09-09 06:56:36 +0000  5583 bytes for ./SuccessViewController.nib/runtime.nib
2019-09-09 06:56:36 +0000  copying file ./DateRangeOptionTableViewCell.nib ... 
2019-09-09 06:56:36 +0000  3690 bytes for ./DateRangeOptionTableViewCell.nib
copying file ./ReceiveSetAmountViewController.nib/objects-11.0+.nib ... 
6515 bytes for ./ReceiveSetAmountViewController.nib/objects-11.0+.nib
copying file ./ReceiveSetAmountViewController.nib/runtime.nib ... 
2019-09-09 06:56:36 +0000  5842 bytes for ./ReceiveSetAmountViewController.nib/runtime.nib
2019-09-09 06:56:36 +0000  copying file ./SAMKeychain.bundle/en.lproj/SAMKeychain.strings ... 
2019-09-09 06:56:36 +0000  1580 bytes for ./SAMKeychain.bundle/en.lproj/SAMKeychain.strings
copying file ./ReceiveSetAmountAlertController.nib/objects-11.0+.nib ... 
2019-09-09 06:56:36 +0000  6962 bytes for ./ReceiveSetAmountAlertController.nib/objects-11.0+.nib
copying file ./ReceiveSetAmountAlertController.nib/runtime.nib ... 
2019-09-09 06:56:37 +0000  6287 bytes for ./ReceiveSetAmountAlertController.nib/runtime.nib
2019-09-09 06:56:37 +0000  copying file ./Address.storyboardc/kwc-n6-FkX-view-Q4r-TE-5Wf.nib/objects-11.0+.nib ... 
2019-09-09 06:56:37 +0000  9048 bytes for ./Address.storyboardc/kwc-n6-FkX-view-Q4r-TE-5Wf.nib/objects-11.0+.nib
copying file ./Address.storyboardc/kwc-n6-FkX-view-Q4r-TE-5Wf.nib/runtime.nib ... 
2019-09-09 06:56:37 +0000  9167 bytes for ./Address.storyboardc/kwc-n6-FkX-view-Q4r-TE-5Wf.nib/runtime.nib
copying file ./Address.storyboardc/pAL-zd-9K8-view-vDb-yD-Mvl.nib/objects-11.0+.nib ... 
2019-09-09 06:56:37 +0000  4365 bytes for ./Address.storyboardc/pAL-zd-9K8-view-vDb-yD-Mvl.nib/objects-11.0+.nib
copying file ./Address.storyboardc/pAL-zd-9K8-view-vDb-yD-Mvl.nib/runtime.nib ... 
2019-09-09 06:56:37 +0000  4563 bytes for ./Address.storyboardc/pAL-zd-9K8-view-vDb-yD-Mvl.nib/runtime.nib
2019-09-09 06:56:37 +0000  copying file ./Address.storyboardc/AddressDetailViewController.nib/objects-11.0+.nib ... 
2019-09-09 06:56:37 +0000  1006 bytes for ./Address.storyboardc/AddressDetailViewController.nib/objects-11.0+.nib
2019-09-09 06:56:37 +0000  copying file ./Address.storyboardc/AddressDetailViewController.nib/runtime.nib ... 
2019-09-09 06:56:37 +0000  1006 bytes for ./Address.storyboardc/AddressDetailViewController.nib/runtime.nib
2019-09-09 06:56:37 +0000  copying file ./Address.storyboardc/Info.plist ... 
2019-09-09 06:56:37 +0000  251 bytes for ./Address.storyboardc/Info.plist
2019-09-09 06:56:37 +0000  copying file ./Address.storyboardc/AddMonitorAddressViewController.nib/objects-11.0+.nib ... 
2019-09-09 06:56:37 +0000  1417 bytes for ./Address.storyboardc/AddMonitorAddressViewController.nib/objects-11.0+.nib
2019-09-09 06:56:37 +0000  copying file ./Address.storyboardc/AddMonitorAddressViewController.nib/runtime.nib ... 
2019-09-09 06:56:37 +0000  1417 bytes for ./Address.storyboardc/AddMonitorAddressViewController.nib/runtime.nib
2019-09-09 06:56:37 +0000  copying file ./TransactionOperateViewController.nib/objects-11.0+.nib ... 
2019-09-09 06:56:37 +0000  16056 bytes for ./TransactionOperateViewController.nib/objects-11.0+.nib
2019-09-09 06:56:37 +0000  copying file ./TransactionOperateViewController.nib/runtime.nib ... 
2019-09-09 06:56:37 +0000  15403 bytes for ./TransactionOperateViewController.nib/runtime.nib
2019-09-09 06:56:37 +0000  copying file ./MnemonicWordCheckViewController.nib/objects-11.0+.nib ... 
2019-09-09 06:56:37 +0000  7256 bytes for ./MnemonicWordCheckViewController.nib/objects-11.0+.nib
2019-09-09 06:56:37 +0000  copying file ./MnemonicWordCheckViewController.nib/runtime.nib ... 
2019-09-09 06:56:37 +0000  6595 bytes for ./MnemonicWordCheckViewController.nib/runtime.nib
copying file ./TokenTableViewCell.nib ... 
2019-09-09 06:56:37 +0000  4202 bytes for ./TokenTableViewCell.nib
2019-09-09 06:56:37 +0000  copying file ./ArrowTableViewCell.nib ... 
2019-09-09 06:56:37 +0000  5052 bytes for ./ArrowTableViewCell.nib
2019-09-09 06:56:37 +0000  copying file ./PasswordAuthAlertViewController.nib/objects-11.0+.nib ... 
2019-09-09 06:56:37 +0000  4418 bytes for ./PasswordAuthAlertViewController.nib/objects-11.0+.nib
copying file ./PasswordAuthAlertViewController.nib/runtime.nib ... 
2019-09-09 06:56:37 +0000  3753 bytes for ./PasswordAuthAlertViewController.nib/runtime.nib
copying file ./embedded.mobileprovision ... 
2019-09-09 06:56:37 +0000  16201 bytes for ./embedded.mobileprovision
2019-09-09 06:56:37 +0000  copying file ./SwitchTableViewCell.nib ... 
2019-09-09 06:56:37 +0000  5149 bytes for ./SwitchTableViewCell.nib
2019-09-09 06:56:37 +0000  copying file ./Info.plist ... 
2019-09-09 06:56:37 +0000  1704 bytes for ./Info.plist
2019-09-09 06:56:37 +0000  copying file ./TransactionDetailTableViewCell.nib ... 
2019-09-09 06:56:37 +0000  4277 bytes for ./TransactionDetailTableViewCell.nib
2019-09-09 06:56:37 +0000  copying file ./VWallet ... 
2019-09-09 06:56:37 +0000  4319568 bytes for ./VWallet
2019-09-09 06:56:37 +0000  copying file ./PkgInfo ... 
2019-09-09 06:56:37 +0000  8 bytes for ./PkgInfo
2019-09-09 06:56:37 +0000  copying file ./SectionHeaderView.nib/objects-11.0+.nib ... 
2019-09-09 06:56:37 +0000  4198 bytes for ./SectionHeaderView.nib/objects-11.0+.nib
2019-09-09 06:56:37 +0000  copying file ./SectionHeaderView.nib/runtime.nib ... 
2019-09-09 06:56:37 +0000  3536 bytes for ./SectionHeaderView.nib/runtime.nib
2019-09-09 06:56:37 +0000  /usr/bin/ditto exited with 0
2019-09-09 06:56:37 +0000  Processing step: IDEDistributionEmbedProfileStep
2019-09-09 06:56:37 +0000  Processing step: IDEDistributionAppThinningPlistStep
2019-09-09 06:56:37 +0000  Skipping step: IDEDistributionAppThinningPlistStep because it said so
2019-09-09 06:56:37 +0000  Processing step: IDEDistributionCompileBitcodeStep
2019-09-09 06:56:37 +0000  Skipping step: IDEDistributionCompileBitcodeStep because it said so
2019-09-09 06:56:37 +0000  Processing step: IDEDistributionCodeSlimmingStep
2019-09-09 06:56:37 +0000  Processing step: IDEDistributionCopyBCSymbolMapsStep
2019-09-09 06:56:37 +0000  Skipping step: IDEDistributionCopyBCSymbolMapsStep because it said so
2019-09-09 06:56:37 +0000  Processing step: IDEDistributionSymbolsStep
2019-09-09 06:56:37 +0000  Skipping step: IDEDistributionSymbolsStep because it said so
2019-09-09 06:56:37 +0000  Processing step: IDEDistributionAppThinningStep
2019-09-09 06:56:37 +0000  Skipping step: IDEDistributionAppThinningStep because it said so
2019-09-09 06:56:37 +0000  Processing step: IDEDistributionArchThinningStep
2019-09-09 06:56:37 +0000  Running /Applications/Xcode.app/Contents/Developer/Toolchains/XcodeDefault.xctoolchain/usr/bin/lipo '/var/folders/qb/zp1sbf311k3892tf0rfgw9j80000gn/T/XcodeDistPipeline.~~~fKPHfe/Root/Payload/VWallet.app/VWallet' '-verify_arch' 'arm64e'
2019-09-09 06:56:37 +0000  /Applications/Xcode.app/Contents/Developer/Toolchains/XcodeDefault.xctoolchain/usr/bin/lipo exited with 1
2019-09-09 06:56:37 +0000  Skipping architecture thinning for item "VWallet" because arch "arm64e" wasn't found
2019-09-09 06:56:37 +0000  Processing step: IDEDistributionODRStep
2019-09-09 06:56:37 +0000  Processing step: IDEDistributionStripXattrsStep
2019-09-09 06:56:37 +0000  Running /usr/bin/xattr '-crs' '/var/folders/qb/zp1sbf311k3892tf0rfgw9j80000gn/T/XcodeDistPipeline.~~~fKPHfe/Root/Payload/VWallet.app'
2019-09-09 06:56:37 +0000  /usr/bin/xattr exited with 0
2019-09-09 06:56:37 +0000  Processing step: IDEDistributionCodesignStep
2019-09-09 06:56:37 +0000  Entitlements for <IDEDistributionItem: 0x7f92017e8d20 'systems.vsys.wallet.hot.test' '<DVTFilePath:0x7f91fc15aa00:'/Users/joy/Library/Developer/Xcode/Archives/2019-09-09/VWallet 2019-9-9, 2.56 PM.xcarchive/Products/Applications/VWallet.app'>'>: {
    "application-identifier" = "HF225C89SZ.systems.vsys.wallet.hot.test";
    "com.apple.developer.team-identifier" = HF225C89SZ;
    "get-task-allow" = 0;
    "keychain-access-groups" =     (
        "HF225C89SZ.systems.vsys.wallet.hot.test"
    );
}
2019-09-09 06:56:37 +0000  Writing entitlements for <IDEDistributionItem: 0x7f92017e8d20 'systems.vsys.wallet.hot.test' '<DVTFilePath:0x7f91fc15aa00:'/Users/joy/Library/Developer/Xcode/Archives/2019-09-09/VWallet 2019-9-9, 2.56 PM.xcarchive/Products/Applications/VWallet.app'>'> to: /var/folders/qb/zp1sbf311k3892tf0rfgw9j80000gn/T/XcodeDistPipeline.~~~fKPHfe/entitlements~~~BmSjgF
2019-09-09 06:56:37 +0000  Running /usr/bin/codesign '-vvv' '--force' '--sign' '187233B8787DF8506F2DA70BBCFFE9D4DC5014F7' '--entitlements' '/var/folders/qb/zp1sbf311k3892tf0rfgw9j80000gn/T/XcodeDistPipeline.~~~fKPHfe/entitlements~~~BmSjgF' '--preserve-metadata=identifier,flags,runtime' '/var/folders/qb/zp1sbf311k3892tf0rfgw9j80000gn/T/XcodeDistPipeline.~~~fKPHfe/Root/Payload/VWallet.app'
2019-09-09 06:56:37 +0000  /var/folders/qb/zp1sbf311k3892tf0rfgw9j80000gn/T/XcodeDistPipeline.~~~fKPHfe/Root/Payload/VWallet.app: replacing existing signature
2019-09-09 06:56:38 +0000  /var/folders/qb/zp1sbf311k3892tf0rfgw9j80000gn/T/XcodeDistPipeline.~~~fKPHfe/Root/Payload/VWallet.app: signed app bundle with Mach-O thin (arm64) [systems.vsys.wallet.hot.test]
2019-09-09 06:56:38 +0000  /usr/bin/codesign exited with 0
2019-09-09 06:56:38 +0000  Processing step: IDEDistributionZipODRItemStep
2019-09-09 06:56:38 +0000  Skipping step: IDEDistributionZipODRItemStep because it said so
2019-09-09 06:56:38 +0000  Processing step: IDEDistributionCreateIPAStep
2019-09-09 06:56:38 +0000  Running /usr/bin/ditto '-V' '-c' '-k' '--norsrc' '/var/folders/qb/zp1sbf311k3892tf0rfgw9j80000gn/T/XcodeDistPipeline.~~~fKPHfe/Root' '/var/folders/qb/zp1sbf311k3892tf0rfgw9j80000gn/T/XcodeDistPipeline.~~~fKPHfe/Packages/VWallet.ipa'
2019-09-09 06:56:38 +0000  >>> Copying /var/folders/qb/zp1sbf311k3892tf0rfgw9j80000gn/T/XcodeDistPipeline.~~~fKPHfe/Root 
2019-09-09 06:56:38 +0000  copying file ./Payload/VWallet.app/_CodeSignature/CodeResources ... 
2019-09-09 06:56:38 +0000  51011 bytes for ./Payload/VWallet.app/_CodeSignature/CodeResources
2019-09-09 06:56:38 +0000  copying file ./Payload/VWallet.app/About.storyboardc/UITableViewController-FOI-bs-R4w.nib/objects-11.0+.nib ... 
2019-09-09 06:56:38 +0000  1007 bytes for ./Payload/VWallet.app/About.storyboardc/UITableViewController-FOI-bs-R4w.nib/objects-11.0+.nib
copying file ./Payload/VWallet.app/About.storyboardc/UITableViewController-FOI-bs-R4w.nib/runtime.nib ... 
2019-09-09 06:56:38 +0000  1007 bytes for ./Payload/VWallet.app/About.storyboardc/UITableViewController-FOI-bs-R4w.nib/runtime.nib
2019-09-09 06:56:38 +0000  copying file ./Payload/VWallet.app/About.storyboardc/FOI-bs-R4w-view-EOg-o5-ri0.nib/objects-11.0+.nib ... 
2019-09-09 06:56:38 +0000  2915 bytes for ./Payload/VWallet.app/About.storyboardc/FOI-bs-R4w-view-EOg-o5-ri0.nib/objects-11.0+.nib
copying file ./Payload/VWallet.app/About.storyboardc/FOI-bs-R4w-view-EOg-o5-ri0.nib/runtime.nib ... 
2019-09-09 06:56:38 +0000  3059 bytes for ./Payload/VWallet.app/About.storyboardc/FOI-bs-R4w-view-EOg-o5-ri0.nib/runtime.nib
2019-09-09 06:56:38 +0000  copying file ./Payload/VWallet.app/About.storyboardc/Info.plist ... 
273 bytes for ./Payload/VWallet.app/About.storyboardc/Info.plist
2019-09-09 06:56:38 +0000  copying file ./Payload/VWallet.app/zh-Hans.lproj/LaunchScreen.strings ... 
42 bytes for ./Payload/VWallet.app/zh-Hans.lproj/LaunchScreen.strings
copying file ./Payload/VWallet.app/zh-Hans.lproj/Localizable.strings ... 
2019-09-09 06:56:38 +0000  16230 bytes for ./Payload/VWallet.app/zh-Hans.lproj/Localizable.strings
copying file ./Payload/VWallet.app/zh-Hans.lproj/InfoPlist.strings ... 
2019-09-09 06:56:38 +0000  298 bytes for ./Payload/VWallet.app/zh-Hans.lproj/InfoPlist.strings
copying file ./Payload/VWallet.app/AppIcon20x20@2x.png ... 
2019-09-09 06:56:38 +0000  423 bytes for ./Payload/VWallet.app/AppIcon20x20@2x.png
2019-09-09 06:56:38 +0000  copying file ./Payload/VWallet.app/en.lproj/Localizable.strings ... 
2019-09-09 06:56:38 +0000  18662 bytes for ./Payload/VWallet.app/en.lproj/Localizable.strings
2019-09-09 06:56:38 +0000  copying file ./Payload/VWallet.app/en.lproj/InfoPlist.strings ... 
2019-09-09 06:56:38 +0000  353 bytes for ./Payload/VWallet.app/en.lproj/InfoPlist.strings
2019-09-09 06:56:38 +0000  copying file ./Payload/VWallet.app/VAlertViewController.nib/objects-11.0+.nib ... 
2019-09-09 06:56:38 +0000  7146 bytes for ./Payload/VWallet.app/VAlertViewController.nib/objects-11.0+.nib
2019-09-09 06:56:38 +0000  copying file ./Payload/VWallet.app/VAlertViewController.nib/runtime.nib ... 
2019-09-09 06:56:38 +0000  6476 bytes for ./Payload/VWallet.app/VAlertViewController.nib/runtime.nib
2019-09-09 06:56:38 +0000  copying file ./Payload/VWallet.app/Settings.storyboardc/Ta3-sy-pGJ-view-OtT-wd-nSi.nib/objects-11.0+.nib ... 
2019-09-09 06:56:38 +0000  1449 bytes for ./Payload/VWallet.app/Settings.storyboardc/Ta3-sy-pGJ-view-OtT-wd-nSi.nib/objects-11.0+.nib
2019-09-09 06:56:38 +0000  copying file ./Payload/VWallet.app/Settings.storyboardc/Ta3-sy-pGJ-view-OtT-wd-nSi.nib/runtime.nib ... 
2019-09-09 06:56:38 +0000  1586 bytes for ./Payload/VWallet.app/Settings.storyboardc/Ta3-sy-pGJ-view-OtT-wd-nSi.nib/runtime.nib
2019-09-09 06:56:38 +0000  copying file ./Payload/VWallet.app/Settings.storyboardc/UINavigationController-QgO-ly-Lp6.nib/objects-11.0+.nib ... 
2019-09-09 06:56:38 +0000  2013 bytes for ./Payload/VWallet.app/Settings.storyboardc/UINavigationController-QgO-ly-Lp6.nib/objects-11.0+.nib
copying file ./Payload/VWallet.app/Settings.storyboardc/UINavigationController-QgO-ly-Lp6.nib/runtime.nib ... 
2019-09-09 06:56:38 +0000  2013 bytes for ./Payload/VWallet.app/Settings.storyboardc/UINavigationController-QgO-ly-Lp6.nib/runtime.nib
2019-09-09 06:56:38 +0000  copying file ./Payload/VWallet.app/Settings.storyboardc/Info.plist ... 
2019-09-09 06:56:38 +0000  276 bytes for ./Payload/VWallet.app/Settings.storyboardc/Info.plist
copying file ./Payload/VWallet.app/AppIcon20x20@3x.png ... 
2019-09-09 06:56:38 +0000  523 bytes for ./Payload/VWallet.app/AppIcon20x20@3x.png
copying file ./Payload/VWallet.app/LICENSE ... 
2019-09-09 06:56:38 +0000  1285 bytes for ./Payload/VWallet.app/LICENSE
2019-09-09 06:56:38 +0000  copying file ./Payload/VWallet.app/AppIcon29x29.png ... 
2019-09-09 06:56:38 +0000  319 bytes for ./Payload/VWallet.app/AppIcon29x29.png
copying file ./Payload/VWallet.app/TransactionDetailViewController.nib/objects-11.0+.nib ... 
2019-09-09 06:56:38 +0000  4183 bytes for ./Payload/VWallet.app/TransactionDetailViewController.nib/objects-11.0+.nib
2019-09-09 06:56:38 +0000  copying file ./Payload/VWallet.app/TransactionDetailViewController.nib/runtime.nib ... 
2019-09-09 06:56:38 +0000  3581 bytes for ./Payload/VWallet.app/TransactionDetailViewController.nib/runtime.nib
2019-09-09 06:56:38 +0000  copying file ./Payload/VWallet.app/Network.storyboardc/ChooseNetworkViewController.nib/objects-11.0+.nib ... 
2019-09-09 06:56:38 +0000  1006 bytes for ./Payload/VWallet.app/Network.storyboardc/ChooseNetworkViewController.nib/objects-11.0+.nib
2019-09-09 06:56:38 +0000  copying file ./Payload/VWallet.app/Network.storyboardc/ChooseNetworkViewController.nib/runtime.nib ... 
2019-09-09 06:56:38 +0000  1006 bytes for ./Payload/VWallet.app/Network.storyboardc/ChooseNetworkViewController.nib/runtime.nib
2019-09-09 06:56:38 +0000  copying file ./Payload/VWallet.app/Network.storyboardc/ibF-k1-uhB-view-KdO-3D-jlH.nib/objects-11.0+.nib ... 
2019-09-09 06:56:38 +0000  7142 bytes for ./Payload/VWallet.app/Network.storyboardc/ibF-k1-uhB-view-KdO-3D-jlH.nib/objects-11.0+.nib
2019-09-09 06:56:38 +0000  copying file ./Payload/VWallet.app/Network.storyboardc/ibF-k1-uhB-view-KdO-3D-jlH.nib/runtime.nib ... 
2019-09-09 06:56:38 +0000  7253 bytes for ./Payload/VWallet.app/Network.storyboardc/ibF-k1-uhB-view-KdO-3D-jlH.nib/runtime.nib
2019-09-09 06:56:38 +0000  copying file ./Payload/VWallet.app/Network.storyboardc/Info.plist ... 
2019-09-09 06:56:38 +0000  227 bytes for ./Payload/VWallet.app/Network.storyboardc/Info.plist
copying file ./Payload/VWallet.app/AppIcon60x60@2x.png ... 
2019-09-09 06:56:38 +0000  865 bytes for ./Payload/VWallet.app/AppIcon60x60@2x.png
2019-09-09 06:56:38 +0000  copying file ./Payload/VWallet.app/PasswordSettingsViewController.nib/objects-11.0+.nib ... 
2019-09-09 06:56:38 +0000  12463 bytes for ./Payload/VWallet.app/PasswordSettingsViewController.nib/objects-11.0+.nib
2019-09-09 06:56:38 +0000  copying file ./Payload/VWallet.app/PasswordSettingsViewController.nib/runtime.nib ... 
2019-09-09 06:56:38 +0000  11806 bytes for ./Payload/VWallet.app/PasswordSettingsViewController.nib/runtime.nib
2019-09-09 06:56:38 +0000  copying file ./Payload/VWallet.app/libscrypt.version ... 
125 bytes for ./Payload/VWallet.app/libscrypt.version
2019-09-09 06:56:38 +0000  copying file ./Payload/VWallet.app/DatePicker.nib/objects-11.0+.nib ... 
2019-09-09 06:56:38 +0000  5566 bytes for ./Payload/VWallet.app/DatePicker.nib/objects-11.0+.nib
2019-09-09 06:56:38 +0000  copying file ./Payload/VWallet.app/DatePicker.nib/runtime.nib ... 
2019-09-09 06:56:38 +0000  4898 bytes for ./Payload/VWallet.app/DatePicker.nib/runtime.nib
2019-09-09 06:56:38 +0000  copying file ./Payload/VWallet.app/DateRangePickerViewController.nib/objects-11.0+.nib ... 
2019-09-09 06:56:38 +0000  4240 bytes for ./Payload/VWallet.app/DateRangePickerViewController.nib/objects-11.0+.nib
2019-09-09 06:56:38 +0000  copying file ./Payload/VWallet.app/DateRangePickerViewController.nib/runtime.nib ... 
2019-09-09 06:56:38 +0000  3635 bytes for ./Payload/VWallet.app/DateRangePickerViewController.nib/runtime.nib
2019-09-09 06:56:38 +0000  copying file ./Payload/VWallet.app/AppIcon29x29@2x.png ... 
2019-09-09 06:56:38 +0000  522 bytes for ./Payload/VWallet.app/AppIcon29x29@2x.png
copying file ./Payload/VWallet.app/AddAccountTableViewCell.nib ... 
2019-09-09 06:56:38 +0000  4748 bytes for ./Payload/VWallet.app/AddAccountTableViewCell.nib
2019-09-09 06:56:38 +0000  copying file ./Payload/VWallet.app/AddTokenViewController.nib/objects-11.0+.nib ... 
2019-09-09 06:56:38 +0000  7932 bytes for ./Payload/VWallet.app/AddTokenViewController.nib/objects-11.0+.nib
2019-09-09 06:56:38 +0000  copying file ./Payload/VWallet.app/AddTokenViewController.nib/runtime.nib ... 
2019-09-09 06:56:38 +0000  7272 bytes for ./Payload/VWallet.app/AddTokenViewController.nib/runtime.nib
2019-09-09 06:56:38 +0000  copying file ./Payload/VWallet.app/AppIcon40x40@3x.png ... 
2019-09-09 06:56:38 +0000  865 bytes for ./Payload/VWallet.app/AppIcon40x40@3x.png
copying file ./Payload/VWallet.app/Password.storyboardc/PasswordInputViewController.nib/objects-11.0+.nib ... 
2019-09-09 06:56:38 +0000  1006 bytes for ./Payload/VWallet.app/Password.storyboardc/PasswordInputViewController.nib/objects-11.0+.nib
copying file ./Payload/VWallet.app/Password.storyboardc/PasswordInputViewController.nib/runtime.nib ... 
2019-09-09 06:56:38 +0000  1006 bytes for ./Payload/VWallet.app/Password.storyboardc/PasswordInputViewController.nib/runtime.nib
copying file ./Payload/VWallet.app/Password.storyboardc/3jT-kv-SfY-view-9rJ-JX-fxz.nib/objects-11.0+.nib ... 
2019-09-09 06:56:38 +0000  7387 bytes for ./Payload/VWallet.app/Password.storyboardc/3jT-kv-SfY-view-9rJ-JX-fxz.nib/objects-11.0+.nib
2019-09-09 06:56:38 +0000  copying file ./Payload/VWallet.app/Password.storyboardc/3jT-kv-SfY-view-9rJ-JX-fxz.nib/runtime.nib ... 
2019-09-09 06:56:38 +0000  7507 bytes for ./Payload/VWallet.app/Password.storyboardc/3jT-kv-SfY-view-9rJ-JX-fxz.nib/runtime.nib
2019-09-09 06:56:38 +0000  copying file ./Payload/VWallet.app/Password.storyboardc/Info.plist ... 
2019-09-09 06:56:38 +0000  227 bytes for ./Payload/VWallet.app/Password.storyboardc/Info.plist
copying file ./Payload/VWallet.app/TokenOperateViewController.nib/objects-11.0+.nib ... 
2019-09-09 06:56:38 +0000  21155 bytes for ./Payload/VWallet.app/TokenOperateViewController.nib/objects-11.0+.nib
2019-09-09 06:56:38 +0000  copying file ./Payload/VWallet.app/TokenOperateViewController.nib/runtime.nib ... 
2019-09-09 06:56:38 +0000  20484 bytes for ./Payload/VWallet.app/TokenOperateViewController.nib/runtime.nib
2019-09-09 06:56:38 +0000  copying file ./Payload/VWallet.app/DateRangeTableViewCell.nib ... 
2019-09-09 06:56:38 +0000  4642 bytes for ./Payload/VWallet.app/DateRangeTableViewCell.nib
2019-09-09 06:56:38 +0000  copying file ./Payload/VWallet.app/ReceiveQRSaveView.nib/objects-11.0+.nib ... 
2019-09-09 06:56:38 +0000  6202 bytes for ./Payload/VWallet.app/ReceiveQRSaveView.nib/objects-11.0+.nib
2019-09-09 06:56:38 +0000  copying file ./Payload/VWallet.app/ReceiveQRSaveView.nib/runtime.nib ... 
2019-09-09 06:56:38 +0000  5540 bytes for ./Payload/VWallet.app/ReceiveQRSaveView.nib/runtime.nib
2019-09-09 06:56:38 +0000  copying file ./Payload/VWallet.app/AppIcon40x40@2x.png ... 
2019-09-09 06:56:38 +0000  703 bytes for ./Payload/VWallet.app/AppIcon40x40@2x.png
copying file ./Payload/VWallet.app/NormalTableViewCell.nib ... 
2019-09-09 06:56:38 +0000  4781 bytes for ./Payload/VWallet.app/NormalTableViewCell.nib
2019-09-09 06:56:38 +0000  copying file ./Payload/VWallet.app/AccountTableViewCell.nib ... 
2019-09-09 06:56:38 +0000  5997 bytes for ./Payload/VWallet.app/AccountTableViewCell.nib
2019-09-09 06:56:38 +0000  copying file ./Payload/VWallet.app/AppIcon29x29@3x.png ... 
2019-09-09 06:56:38 +0000  714 bytes for ./Payload/VWallet.app/AppIcon29x29@3x.png
copying file ./Payload/VWallet.app/TokenInfoViewController.nib/objects-11.0+.nib ... 
2637 bytes for ./Payload/VWallet.app/TokenInfoViewController.nib/objects-11.0+.nib
copying file ./Payload/VWallet.app/TokenInfoViewController.nib/runtime.nib ... 
2019-09-09 06:56:38 +0000  2117 bytes for ./Payload/VWallet.app/TokenInfoViewController.nib/runtime.nib
2019-09-09 06:56:38 +0000  copying file ./Payload/VWallet.app/ko.lproj/Localizable.strings ... 
2019-09-09 06:56:38 +0000  18300 bytes for ./Payload/VWallet.app/ko.lproj/Localizable.strings
2019-09-09 06:56:38 +0000  copying file ./Payload/VWallet.app/ko.lproj/InfoPlist.strings ... 
2019-09-09 06:56:38 +0000  331 bytes for ./Payload/VWallet.app/ko.lproj/InfoPlist.strings
2019-09-09 06:56:38 +0000  copying file ./Payload/VWallet.app/AlertViewController.nib/objects-11.0+.nib ... 
2019-09-09 06:56:38 +0000  6245 bytes for ./Payload/VWallet.app/AlertViewController.nib/objects-11.0+.nib
2019-09-09 06:56:38 +0000  copying file ./Payload/VWallet.app/AlertViewController.nib/runtime.nib ... 
2019-09-09 06:56:38 +0000  5583 bytes for ./Payload/VWallet.app/AlertViewController.nib/runtime.nib
2019-09-09 06:56:38 +0000  copying file ./Payload/VWallet.app/AppIcon60x60@3x.png ... 
2019-09-09 06:56:38 +0000  1146 bytes for ./Payload/VWallet.app/AppIcon60x60@3x.png
2019-09-09 06:56:38 +0000  copying file ./Payload/VWallet.app/Base.lproj/Main.storyboardc/UITabBarController-yw2-tK-Kan.nib ... 
2019-09-09 06:56:38 +0000  1953 bytes for ./Payload/VWallet.app/Base.lproj/Main.storyboardc/UITabBarController-yw2-tK-Kan.nib
copying file ./Payload/VWallet.app/Base.lproj/Main.storyboardc/Info.plist ... 
469 bytes for ./Payload/VWallet.app/Base.lproj/Main.storyboardc/Info.plist
copying file ./Payload/VWallet.app/Base.lproj/LaunchScreen.storyboardc/UIViewController-h8S-88-BCH.nib/objects-11.0+.nib ... 
2019-09-09 06:56:38 +0000  832 bytes for ./Payload/VWallet.app/Base.lproj/LaunchScreen.storyboardc/UIViewController-h8S-88-BCH.nib/objects-11.0+.nib
copying file ./Payload/VWallet.app/Base.lproj/LaunchScreen.storyboardc/UIViewController-h8S-88-BCH.nib/runtime.nib ... 
832 bytes for ./Payload/VWallet.app/Base.lproj/LaunchScreen.storyboardc/UIViewController-h8S-88-BCH.nib/runtime.nib
2019-09-09 06:56:38 +0000  copying file ./Payload/VWallet.app/Base.lproj/LaunchScreen.storyboardc/h8S-88-BCH-view-ZWg-i8-bRz.nib/objects-11.0+.nib ... 
2019-09-09 06:56:38 +0000  3836 bytes for ./Payload/VWallet.app/Base.lproj/LaunchScreen.storyboardc/h8S-88-BCH-view-ZWg-i8-bRz.nib/objects-11.0+.nib
copying file ./Payload/VWallet.app/Base.lproj/LaunchScreen.storyboardc/h8S-88-BCH-view-ZWg-i8-bRz.nib/runtime.nib ... 
3961 bytes for ./Payload/VWallet.app/Base.lproj/LaunchScreen.storyboardc/h8S-88-BCH-view-ZWg-i8-bRz.nib/runtime.nib
copying file ./Payload/VWallet.app/Base.lproj/LaunchScreen.storyboardc/Info.plist ... 
258 bytes for ./Payload/VWallet.app/Base.lproj/LaunchScreen.storyboardc/Info.plist
2019-09-09 06:56:38 +0000  copying file ./Payload/VWallet.app/Base.lproj/Generate.storyboardc/COq-kh-3BG-view-Oo4-Ip-rzi.nib/objects-11.0+.nib ... 
6886 bytes for ./Payload/VWallet.app/Base.lproj/Generate.storyboardc/COq-kh-3BG-view-Oo4-Ip-rzi.nib/objects-11.0+.nib
copying file ./Payload/VWallet.app/Base.lproj/Generate.storyboardc/COq-kh-3BG-view-Oo4-Ip-rzi.nib/runtime.nib ... 
7006 bytes for ./Payload/VWallet.app/Base.lproj/Generate.storyboardc/COq-kh-3BG-view-Oo4-Ip-rzi.nib/runtime.nib
copying file ./Payload/VWallet.app/Base.lproj/Generate.storyboardc/UINavigationController-duR-5G-6Rc.nib/objects-11.0+.nib ... 
1810 bytes for ./Payload/VWallet.app/Base.lproj/Generate.storyboardc/UINavigationController-duR-5G-6Rc.nib/objects-11.0+.nib
copying file ./Payload/VWallet.app/Base.lproj/Generate.storyboardc/UINavigationController-duR-5G-6Rc.nib/runtime.nib ... 
1810 bytes for ./Payload/VWallet.app/Base.lproj/Generate.storyboardc/UINavigationController-duR-5G-6Rc.nib/runtime.nib
copying file ./Payload/VWallet.app/Base.lproj/Generate.storyboardc/Info.plist ... 
276 bytes for ./Payload/VWallet.app/Base.lproj/Generate.storyboardc/Info.plist
2019-09-09 06:56:38 +0000  copying file ./Payload/VWallet.app/Base.lproj/TransactionQrcodeViewController.nib/objects-11.0+.nib ... 
2019-09-09 06:56:38 +0000  7944 bytes for ./Payload/VWallet.app/Base.lproj/TransactionQrcodeViewController.nib/objects-11.0+.nib
2019-09-09 06:56:38 +0000  copying file ./Payload/VWallet.app/Base.lproj/TransactionQrcodeViewController.nib/runtime.nib ... 
2019-09-09 06:56:38 +0000  7285 bytes for ./Payload/VWallet.app/Base.lproj/TransactionQrcodeViewController.nib/runtime.nib
2019-09-09 06:56:38 +0000  copying file ./Payload/VWallet.app/TransactionTableViewCell.nib ... 
2019-09-09 06:56:38 +0000  5371 bytes for ./Payload/VWallet.app/TransactionTableViewCell.nib
2019-09-09 06:56:38 +0000  copying file ./Payload/VWallet.app/README.md ... 
2019-09-09 06:56:38 +0000  4797 bytes for ./Payload/VWallet.app/README.md
2019-09-09 06:56:38 +0000  copying file ./Payload/VWallet.app/TokenViewController.nib/objects-11.0+.nib ... 
2019-09-09 06:56:38 +0000  7638 bytes for ./Payload/VWallet.app/TokenViewController.nib/objects-11.0+.nib
2019-09-09 06:56:38 +0000  copying file ./Payload/VWallet.app/TokenViewController.nib/runtime.nib ... 
2019-09-09 06:56:38 +0000  7104 bytes for ./Payload/VWallet.app/TokenViewController.nib/runtime.nib
2019-09-09 06:56:38 +0000  copying file ./Payload/VWallet.app/MnemonicWordBackupViewController.nib/objects-11.0+.nib ... 
2019-09-09 06:56:38 +0000  7240 bytes for ./Payload/VWallet.app/MnemonicWordBackupViewController.nib/objects-11.0+.nib
2019-09-09 06:56:38 +0000  copying file ./Payload/VWallet.app/MnemonicWordBackupViewController.nib/runtime.nib ... 
2019-09-09 06:56:38 +0000  6580 bytes for ./Payload/VWallet.app/MnemonicWordBackupViewController.nib/runtime.nib
2019-09-09 06:56:38 +0000  copying file ./Payload/VWallet.app/Phrase.storyboardc/MnemonicWordImportViewController.nib/objects-11.0+.nib ... 
2019-09-09 06:56:38 +0000  1011 bytes for ./Payload/VWallet.app/Phrase.storyboardc/MnemonicWordImportViewController.nib/objects-11.0+.nib
copying file ./Payload/VWallet.app/Phrase.storyboardc/MnemonicWordImportViewController.nib/runtime.nib ... 
2019-09-09 06:56:38 +0000  1011 bytes for ./Payload/VWallet.app/Phrase.storyboardc/MnemonicWordImportViewController.nib/runtime.nib
2019-09-09 06:56:38 +0000  copying file ./Payload/VWallet.app/Phrase.storyboardc/EnI-5W-LUP-view-zkb-jd-wc5.nib/objects-11.0+.nib ... 
2019-09-09 06:56:38 +0000  7327 bytes for ./Payload/VWallet.app/Phrase.storyboardc/EnI-5W-LUP-view-zkb-jd-wc5.nib/objects-11.0+.nib
2019-09-09 06:56:38 +0000  copying file ./Payload/VWallet.app/Phrase.storyboardc/EnI-5W-LUP-view-zkb-jd-wc5.nib/runtime.nib ... 
2019-09-09 06:56:38 +0000  7443 bytes for ./Payload/VWallet.app/Phrase.storyboardc/EnI-5W-LUP-view-zkb-jd-wc5.nib/runtime.nib
2019-09-09 06:56:38 +0000  copying file ./Payload/VWallet.app/Phrase.storyboardc/Info.plist ... 
189 bytes for ./Payload/VWallet.app/Phrase.storyboardc/Info.plist
copying file ./Payload/VWallet.app/Assets.car ... 
2019-09-09 06:56:38 +0000  1436280 bytes for ./Payload/VWallet.app/Assets.car
2019-09-09 06:56:38 +0000  copying file ./Payload/VWallet.app/ReceiveViewController.nib/objects-11.0+.nib ... 
10566 bytes for ./Payload/VWallet.app/ReceiveViewController.nib/objects-11.0+.nib
copying file ./Payload/VWallet.app/ReceiveViewController.nib/runtime.nib ... 
2019-09-09 06:56:38 +0000  9891 bytes for ./Payload/VWallet.app/ReceiveViewController.nib/runtime.nib
2019-09-09 06:56:38 +0000  copying file ./Payload/VWallet.app/ToastPasswordViewController.nib/objects-11.0+.nib ... 
2019-09-09 06:56:38 +0000  4832 bytes for ./Payload/VWallet.app/ToastPasswordViewController.nib/objects-11.0+.nib
2019-09-09 06:56:38 +0000  copying file ./Payload/VWallet.app/ToastPasswordViewController.nib/runtime.nib ... 
2019-09-09 06:56:38 +0000  4179 bytes for ./Payload/VWallet.app/ToastPasswordViewController.nib/runtime.nib
2019-09-09 06:56:38 +0000  copying file ./Payload/VWallet.app/ResultViewController.nib/objects-11.0+.nib ... 
2019-09-09 06:56:38 +0000  6806 bytes for ./Payload/VWallet.app/ResultViewController.nib/objects-11.0+.nib
copying file ./Payload/VWallet.app/ResultViewController.nib/runtime.nib ... 
2019-09-09 06:56:38 +0000  6144 bytes for ./Payload/VWallet.app/ResultViewController.nib/runtime.nib
2019-09-09 06:56:38 +0000  copying file ./Payload/VWallet.app/Wallet.storyboardc/3XR-Bq-m70-view-UW4-pg-lKI.nib/objects-11.0+.nib ... 
2019-09-09 06:56:38 +0000  15324 bytes for ./Payload/VWallet.app/Wallet.storyboardc/3XR-Bq-m70-view-UW4-pg-lKI.nib/objects-11.0+.nib
2019-09-09 06:56:38 +0000  copying file ./Payload/VWallet.app/Wallet.storyboardc/3XR-Bq-m70-view-UW4-pg-lKI.nib/runtime.nib ... 
2019-09-09 06:56:38 +0000  15503 bytes for ./Payload/VWallet.app/Wallet.storyboardc/3XR-Bq-m70-view-UW4-pg-lKI.nib/runtime.nib
2019-09-09 06:56:38 +0000  copying file ./Payload/VWallet.app/Wallet.storyboardc/AccountDetailViewController.nib/objects-11.0+.nib ... 
2019-09-09 06:56:38 +0000  1006 bytes for ./Payload/VWallet.app/Wallet.storyboardc/AccountDetailViewController.nib/objects-11.0+.nib
2019-09-09 06:56:38 +0000  copying file ./Payload/VWallet.app/Wallet.storyboardc/AccountDetailViewController.nib/runtime.nib ... 
1006 bytes for ./Payload/VWallet.app/Wallet.storyboardc/AccountDetailViewController.nib/runtime.nib
2019-09-09 06:56:38 +0000  copying file ./Payload/VWallet.app/Wallet.storyboardc/JVH-I2-gCt-view-LI1-gb-a1j.nib/objects-11.0+.nib ... 
2019-09-09 06:56:38 +0000  7986 bytes for ./Payload/VWallet.app/Wallet.storyboardc/JVH-I2-gCt-view-LI1-gb-a1j.nib/objects-11.0+.nib
2019-09-09 06:56:38 +0000  copying file ./Payload/VWallet.app/Wallet.storyboardc/JVH-I2-gCt-view-LI1-gb-a1j.nib/runtime.nib ... 
2019-09-09 06:56:38 +0000  8100 bytes for ./Payload/VWallet.app/Wallet.storyboardc/JVH-I2-gCt-view-LI1-gb-a1j.nib/runtime.nib
2019-09-09 06:56:38 +0000  copying file ./Payload/VWallet.app/Wallet.storyboardc/UINavigationController-Vks-bC-DbF.nib/objects-11.0+.nib ... 
2019-09-09 06:56:38 +0000  1915 bytes for ./Payload/VWallet.app/Wallet.storyboardc/UINavigationController-Vks-bC-DbF.nib/objects-11.0+.nib
2019-09-09 06:56:38 +0000  copying file ./Payload/VWallet.app/Wallet.storyboardc/UINavigationController-Vks-bC-DbF.nib/runtime.nib ... 
2019-09-09 06:56:38 +0000  1915 bytes for ./Payload/VWallet.app/Wallet.storyboardc/UINavigationController-Vks-bC-DbF.nib/runtime.nib
2019-09-09 06:56:38 +0000  copying file ./Payload/VWallet.app/Wallet.storyboardc/TransactionRecordsPageViewController.nib/objects-11.0+.nib ... 
2019-09-09 06:56:38 +0000  1015 bytes for ./Payload/VWallet.app/Wallet.storyboardc/TransactionRecordsPageViewController.nib/objects-11.0+.nib
copying file ./Payload/VWallet.app/Wallet.storyboardc/TransactionRecordsPageViewController.nib/runtime.nib ... 
2019-09-09 06:56:38 +0000  1015 bytes for ./Payload/VWallet.app/Wallet.storyboardc/TransactionRecordsPageViewController.nib/runtime.nib
copying file ./Payload/VWallet.app/Wallet.storyboardc/Info.plist ... 
2019-09-09 06:56:38 +0000  435 bytes for ./Payload/VWallet.app/Wallet.storyboardc/Info.plist
2019-09-09 06:56:38 +0000  copying file ./Payload/VWallet.app/WalletHeadSegmentedView.nib/objects-11.0+.nib ... 
2019-09-09 06:56:38 +0000  4335 bytes for ./Payload/VWallet.app/WalletHeadSegmentedView.nib/objects-11.0+.nib
2019-09-09 06:56:38 +0000  copying file ./Payload/VWallet.app/WalletHeadSegmentedView.nib/runtime.nib ... 
2019-09-09 06:56:38 +0000  3673 bytes for ./Payload/VWallet.app/WalletHeadSegmentedView.nib/runtime.nib
2019-09-09 06:56:38 +0000  copying file ./Payload/VWallet.app/SuccessViewController.nib/objects-11.0+.nib ... 
2019-09-09 06:56:38 +0000  6254 bytes for ./Payload/VWallet.app/SuccessViewController.nib/objects-11.0+.nib
2019-09-09 06:56:38 +0000  copying file ./Payload/VWallet.app/SuccessViewController.nib/runtime.nib ... 
2019-09-09 06:56:38 +0000  5583 bytes for ./Payload/VWallet.app/SuccessViewController.nib/runtime.nib
2019-09-09 06:56:38 +0000  copying file ./Payload/VWallet.app/DateRangeOptionTableViewCell.nib ... 
2019-09-09 06:56:38 +0000  3690 bytes for ./Payload/VWallet.app/DateRangeOptionTableViewCell.nib
2019-09-09 06:56:38 +0000  copying file ./Payload/VWallet.app/ReceiveSetAmountViewController.nib/objects-11.0+.nib ... 
2019-09-09 06:56:38 +0000  6515 bytes for ./Payload/VWallet.app/ReceiveSetAmountViewController.nib/objects-11.0+.nib
2019-09-09 06:56:38 +0000  copying file ./Payload/VWallet.app/ReceiveSetAmountViewController.nib/runtime.nib ... 
2019-09-09 06:56:38 +0000  5842 bytes for ./Payload/VWallet.app/ReceiveSetAmountViewController.nib/runtime.nib
2019-09-09 06:56:38 +0000  copying file ./Payload/VWallet.app/SAMKeychain.bundle/en.lproj/SAMKeychain.strings ... 
2019-09-09 06:56:38 +0000  1580 bytes for ./Payload/VWallet.app/SAMKeychain.bundle/en.lproj/SAMKeychain.strings
2019-09-09 06:56:38 +0000  copying file ./Payload/VWallet.app/ReceiveSetAmountAlertController.nib/objects-11.0+.nib ... 
2019-09-09 06:56:38 +0000  6962 bytes for ./Payload/VWallet.app/ReceiveSetAmountAlertController.nib/objects-11.0+.nib
2019-09-09 06:56:38 +0000  copying file ./Payload/VWallet.app/ReceiveSetAmountAlertController.nib/runtime.nib ... 
2019-09-09 06:56:38 +0000  6287 bytes for ./Payload/VWallet.app/ReceiveSetAmountAlertController.nib/runtime.nib
2019-09-09 06:56:38 +0000  copying file ./Payload/VWallet.app/Address.storyboardc/kwc-n6-FkX-view-Q4r-TE-5Wf.nib/objects-11.0+.nib ... 
9048 bytes for ./Payload/VWallet.app/Address.storyboardc/kwc-n6-FkX-view-Q4r-TE-5Wf.nib/objects-11.0+.nib
copying file ./Payload/VWallet.app/Address.storyboardc/kwc-n6-FkX-view-Q4r-TE-5Wf.nib/runtime.nib ... 
2019-09-09 06:56:38 +0000  9167 bytes for ./Payload/VWallet.app/Address.storyboardc/kwc-n6-FkX-view-Q4r-TE-5Wf.nib/runtime.nib
2019-09-09 06:56:38 +0000  copying file ./Payload/VWallet.app/Address.storyboardc/pAL-zd-9K8-view-vDb-yD-Mvl.nib/objects-11.0+.nib ... 
2019-09-09 06:56:38 +0000  4365 bytes for ./Payload/VWallet.app/Address.storyboardc/pAL-zd-9K8-view-vDb-yD-Mvl.nib/objects-11.0+.nib
2019-09-09 06:56:38 +0000  copying file ./Payload/VWallet.app/Address.storyboardc/pAL-zd-9K8-view-vDb-yD-Mvl.nib/runtime.nib ... 
2019-09-09 06:56:38 +0000  4563 bytes for ./Payload/VWallet.app/Address.storyboardc/pAL-zd-9K8-view-vDb-yD-Mvl.nib/runtime.nib
2019-09-09 06:56:38 +0000  copying file ./Payload/VWallet.app/Address.storyboardc/AddressDetailViewController.nib/objects-11.0+.nib ... 
2019-09-09 06:56:38 +0000  1006 bytes for ./Payload/VWallet.app/Address.storyboardc/AddressDetailViewController.nib/objects-11.0+.nib
2019-09-09 06:56:38 +0000  copying file ./Payload/VWallet.app/Address.storyboardc/AddressDetailViewController.nib/runtime.nib ... 
2019-09-09 06:56:38 +0000  1006 bytes for ./Payload/VWallet.app/Address.storyboardc/AddressDetailViewController.nib/runtime.nib
copying file ./Payload/VWallet.app/Address.storyboardc/Info.plist ... 
2019-09-09 06:56:38 +0000  251 bytes for ./Payload/VWallet.app/Address.storyboardc/Info.plist
2019-09-09 06:56:38 +0000  copying file ./Payload/VWallet.app/Address.storyboardc/AddMonitorAddressViewController.nib/objects-11.0+.nib ... 
2019-09-09 06:56:38 +0000  1417 bytes for ./Payload/VWallet.app/Address.storyboardc/AddMonitorAddressViewController.nib/objects-11.0+.nib
2019-09-09 06:56:38 +0000  copying file ./Payload/VWallet.app/Address.storyboardc/AddMonitorAddressViewController.nib/runtime.nib ... 
2019-09-09 06:56:38 +0000  1417 bytes for ./Payload/VWallet.app/Address.storyboardc/AddMonitorAddressViewController.nib/runtime.nib
2019-09-09 06:56:38 +0000  copying file ./Payload/VWallet.app/TransactionOperateViewController.nib/objects-11.0+.nib ... 
2019-09-09 06:56:38 +0000  16056 bytes for ./Payload/VWallet.app/TransactionOperateViewController.nib/objects-11.0+.nib
2019-09-09 06:56:38 +0000  copying file ./Payload/VWallet.app/TransactionOperateViewController.nib/runtime.nib ... 
2019-09-09 06:56:38 +0000  15403 bytes for ./Payload/VWallet.app/TransactionOperateViewController.nib/runtime.nib
2019-09-09 06:56:38 +0000  copying file ./Payload/VWallet.app/MnemonicWordCheckViewController.nib/objects-11.0+.nib ... 
2019-09-09 06:56:38 +0000  7256 bytes for ./Payload/VWallet.app/MnemonicWordCheckViewController.nib/objects-11.0+.nib
2019-09-09 06:56:38 +0000  copying file ./Payload/VWallet.app/MnemonicWordCheckViewController.nib/runtime.nib ... 
2019-09-09 06:56:38 +0000  6595 bytes for ./Payload/VWallet.app/MnemonicWordCheckViewController.nib/runtime.nib
2019-09-09 06:56:38 +0000  copying file ./Payload/VWallet.app/TokenTableViewCell.nib ... 
2019-09-09 06:56:38 +0000  4202 bytes for ./Payload/VWallet.app/TokenTableViewCell.nib
2019-09-09 06:56:38 +0000  copying file ./Payload/VWallet.app/ArrowTableViewCell.nib ... 
2019-09-09 06:56:38 +0000  5052 bytes for ./Payload/VWallet.app/ArrowTableViewCell.nib
2019-09-09 06:56:38 +0000  copying file ./Payload/VWallet.app/PasswordAuthAlertViewController.nib/objects-11.0+.nib ... 
2019-09-09 06:56:38 +0000  4418 bytes for ./Payload/VWallet.app/PasswordAuthAlertViewController.nib/objects-11.0+.nib
2019-09-09 06:56:38 +0000  copying file ./Payload/VWallet.app/PasswordAuthAlertViewController.nib/runtime.nib ... 
2019-09-09 06:56:38 +0000  3753 bytes for ./Payload/VWallet.app/PasswordAuthAlertViewController.nib/runtime.nib
2019-09-09 06:56:38 +0000  copying file ./Payload/VWallet.app/embedded.mobileprovision ... 
2019-09-09 06:56:38 +0000  10389 bytes for ./Payload/VWallet.app/embedded.mobileprovision
2019-09-09 06:56:38 +0000  copying file ./Payload/VWallet.app/SwitchTableViewCell.nib ... 
2019-09-09 06:56:38 +0000  5149 bytes for ./Payload/VWallet.app/SwitchTableViewCell.nib
2019-09-09 06:56:38 +0000  copying file ./Payload/VWallet.app/Info.plist ... 
2019-09-09 06:56:38 +0000  1704 bytes for ./Payload/VWallet.app/Info.plist
2019-09-09 06:56:38 +0000  copying file ./Payload/VWallet.app/TransactionDetailTableViewCell.nib ... 
2019-09-09 06:56:38 +0000  4277 bytes for ./Payload/VWallet.app/TransactionDetailTableViewCell.nib
2019-09-09 06:56:38 +0000  copying file ./Payload/VWallet.app/VWallet ... 
2019-09-09 06:56:39 +0000  4319600 bytes for ./Payload/VWallet.app/VWallet
copying file ./Payload/VWallet.app/PkgInfo ... 
2019-09-09 06:56:39 +0000  8 bytes for ./Payload/VWallet.app/PkgInfo
copying file ./Payload/VWallet.app/SectionHeaderView.nib/objects-11.0+.nib ... 
2019-09-09 06:56:39 +0000  4198 bytes for ./Payload/VWallet.app/SectionHeaderView.nib/objects-11.0+.nib
2019-09-09 06:56:39 +0000  copying file ./Payload/VWallet.app/SectionHeaderView.nib/runtime.nib ... 
2019-09-09 06:56:39 +0000  3536 bytes for ./Payload/VWallet.app/SectionHeaderView.nib/runtime.nib
2019-09-09 06:56:39 +0000  /usr/bin/ditto exited with 0
2019-09-09 06:56:39 +0000  Processing step: IDEDistributionAppStoreInformationStep
2019-09-09 06:56:39 +0000  Skipping step: IDEDistributionAppStoreInformationStep because it said so
2019-09-09 06:56:39 +0000  Processing step: IDEDistributionCreateManifestStep
